<?xml version="1.0" encoding="UTF-8"?>
<dataset>
    <goal id="1" name="project q" description="Save the queen" owner="James Bond" />
</dataset>